<?xml version='1.0' encoding='UTF-8'?>
<testsuite hostname="pod1-1.cs.purdue.edu" name="miniscala.test.CPSOptimizer_Blackbox" tests="62" errors="0" failures="11" skipped="0" time="1.332" timestamp="2019-04-05T15:09:11">
                     <properties>
[...]
</properties>
                     <testcase classname="miniscala.test.CPSOptimizer_Blackbox" name="testLibFunctions3" time="0.453">
                                                 
                                               </testcase><testcase classname="miniscala.test.CPSOptimizer_Blackbox" name="testSideEffectingCondition" time="0.006">
                                                 
                                               </testcase><testcase classname="miniscala.test.CPSOptimizer_Blackbox" name="testPrimitiveLogic3" time="0.008">
                                                 
                                               </testcase><testcase classname="miniscala.test.CPSOptimizer_Blackbox" name="testPrimitiveLogic4" time="0.005">
                                                 
                                               </testcase><testcase classname="miniscala.test.CPSOptimizer_Blackbox" name="testPrimitiveLogic5" time="0.003">
                                                 
                                               </testcase><testcase classname="miniscala.test.CPSOptimizer_Blackbox" name="testPrimitiveLogic6" time="0.003">
                                                 
                                               </testcase><testcase classname="miniscala.test.CPSOptimizer_Blackbox" name="testPrimitiveLogic7" time="0.003">
                                                 
                                               </testcase><testcase classname="miniscala.test.CPSOptimizer_Blackbox" name="testPrimitiveLogic8" time="0.004">
                                                 
                                               </testcase><testcase classname="miniscala.test.CPSOptimizer_Blackbox" name="testPrimitiveLogic9" time="0.004">
                                                 
                                               </testcase><testcase classname="miniscala.test.CPSOptimizer_Blackbox" name="testLibLists10" time="0.061">
                                                 
                                               </testcase><testcase classname="miniscala.test.CPSOptimizer_Blackbox" name="testLibLists11" time="0.054">
                                                 
                                               </testcase><testcase classname="miniscala.test.CPSOptimizer_Blackbox" name="testLibLists12" time="0.048">
                                                 
                                               </testcase><testcase classname="miniscala.test.CPSOptimizer_Blackbox" name="testLibLists13" time="0.06">
                                                 
                                               </testcase><testcase classname="miniscala.test.CPSOptimizer_Blackbox" name="testConditional1" time="0.002">
                                                 
                                               </testcase><testcase classname="miniscala.test.CPSOptimizer_Blackbox" name="testConditional2" time="0.002">
                                                 
                                               </testcase><testcase classname="miniscala.test.CPSOptimizer_Blackbox" name="testConditional4" time="0.001">
                                                 
                                               </testcase><testcase classname="miniscala.test.CPSOptimizer_Blackbox" name="testLibStrings1" time="0.041">
                                                 
                                               </testcase><testcase classname="miniscala.test.CPSOptimizer_Blackbox" name="testLibStrings2" time="0.037">
                                                 
                                               </testcase><testcase classname="miniscala.test.CPSOptimizer_Blackbox" name="testLibStrings3" time="0.092">
                                                 
                                               </testcase><testcase classname="miniscala.test.CPSOptimizer_Blackbox" name="testLibLists1" time="0.047">
                                                 
                                               </testcase><testcase classname="miniscala.test.CPSOptimizer_Blackbox" name="testLibLists2" time="0.042">
                                                 
                                               </testcase><testcase classname="miniscala.test.CPSOptimizer_Blackbox" name="testLibLists3" time="0.037">
                                                 
                                               </testcase><testcase classname="miniscala.test.CPSOptimizer_Blackbox" name="testLibLists4" time="0.043">
                                                 
                                               </testcase><testcase classname="miniscala.test.CPSOptimizer_Blackbox" name="testLibLists5" time="0.033">
                                                 
                                               </testcase><testcase classname="miniscala.test.CPSOptimizer_Blackbox" name="testLibLists6" time="0.031">
                                                 
                                               </testcase><testcase classname="miniscala.test.CPSOptimizer_Blackbox" name="testLibLists7" time="0.032">
                                                 
                                               </testcase><testcase classname="miniscala.test.CPSOptimizer_Blackbox" name="testLibLists8" time="0.033">
                                                 
                                               </testcase><testcase classname="miniscala.test.CPSOptimizer_Blackbox" name="testLibLists9" time="0.028">
                                                 
                                               </testcase><testcase classname="miniscala.test.CPSOptimizer_Blackbox" name="testPrimitiveArithmetic1" time="0.003">
                                                 <failure message="java.lang.IndexOutOfBoundsException: 1" type="sbt.ForkMain$ForkError">sbt.ForkMain$ForkError: java.lang.IndexOutOfBoundsException: 1
	at scala.collection.LinearSeqOptimized$class.apply(LinearSeqOptimized.scala:65)
	at scala.collection.immutable.List.apply(List.scala:84)
	at miniscala.CPSOptimizer.shrinkT$1(CPSOptimizer.scala:118)
	at miniscala.CPSOptimizer.shrinkT$1(CPSOptimizer.scala:133)
	at miniscala.CPSOptimizer.shrinkT$1(CPSOptimizer.scala:101)
	at miniscala.CPSOptimizer.shrinkT$1(CPSOptimizer.scala:101)
	at miniscala.CPSOptimizer.miniscala$CPSOptimizer$$shrink(CPSOptimizer.scala:137)
	at miniscala.CPSOptimizer$$anonfun$9.apply(CPSOptimizer.scala:10)
	at miniscala.CPSOptimizer$$anonfun$9.apply(CPSOptimizer.scala:10)
	at scala.collection.immutable.Stream$$anonfun$iterate$1.apply(Stream.scala:1248)
	at scala.collection.immutable.Stream$$anonfun$iterate$1.apply(Stream.scala:1248)
	at scala.collection.immutable.Stream$Cons.tail(Stream.scala:1233)
	at scala.collection.immutable.Stream$Cons.tail(Stream.scala:1223)
	at scala.collection.immutable.Stream$$anonfun$take$2.apply(Stream.scala:853)
	at scala.collection.immutable.Stream$$anonfun$take$2.apply(Stream.scala:853)
	at scala.collection.immutable.Stream$Cons.tail(Stream.scala:1233)
	at scala.collection.immutable.Stream$Cons.tail(Stream.scala:1223)
	at miniscala.package$.fixedPoint(package.scala:4)
	at miniscala.package$.fixedPoint(package.scala:9)
	at miniscala.CPSOptimizer.apply(CPSOptimizer.scala:10)
	at miniscala.CPSOptimizerHigh$.apply(CPSOptimizer.scala:247)
	at scala.Function1$$anonfun$andThen$1.apply(Function1.scala:52)
	at scala.Function1$$anonfun$andThen$1.apply(Function1.scala:52)
	at scala.Function1$$anonfun$andThen$1.apply(Function1.scala:52)
	at scala.Function1$$anonfun$andThen$1.apply(Function1.scala:52)
	at scala.Function1$$anonfun$andThen$1.apply(Function1.scala:52)
	at scala.Function1$$anonfun$andThen$1.apply(Function1.scala:52)
	at miniscala.test.infrastructure.CompilerTest$class.miniscala$test$infrastructure$CompilerTest$$compileInner(CompilerTest.scala:37)
	at miniscala.test.infrastructure.CompilerTest$$anonfun$compileUsingPipelineAndRedirect$1.apply(CompilerTest.scala:44)
	at miniscala.test.infrastructure.SandboxedTest$$anon$1.run(SandboxedTest.scala:24)
	at java.base/java.security.AccessController.doPrivileged(Native Method)
	at miniscala.test.infrastructure.SandboxedTest.sandboxedTest(SandboxedTest.scala:34)
	at miniscala.test.infrastructure.SandboxedTest.sandboxedTestWithRedirectedIO(SandboxedTest.scala:45)
	at miniscala.test.infrastructure.CompilerTest$class.compileUsingPipelineAndRedirect(CompilerTest.scala:44)
	at miniscala.test.infrastructure.CPSTest.compileUsingPipelineAndRedirect(CPSTest.scala:11)
	at miniscala.test.infrastructure.CPSOptTest.testCPSLowProgramOutput(CPSOptTest.scala:91)
	at miniscala.test.CPSOptimizer_Blackbox$$anonfun$1.apply(CPSOptimizer_Blackbox.scala:9)
	at miniscala.test.CPSOptimizer_Blackbox$$anonfun$1.apply(CPSOptimizer_Blackbox.scala:9)
	at miniscala.test.ok.PrimitivesOKTests$class.testPrimitiveArithmetic1(PrimitivesOKTests.scala:8)
	at miniscala.test.CPSOptimizer_Blackbox.testPrimitiveArithmetic1(CPSOptimizer_Blackbox.scala:7)
	at java.base/jdk.internal.reflect.NativeMethodAccessorImpl.invoke0(Native Method)
	at java.base/jdk.internal.reflect.NativeMethodAccessorImpl.invoke(NativeMethodAccessorImpl.java:62)
	at java.base/jdk.internal.reflect.DelegatingMethodAccessorImpl.invoke(DelegatingMethodAccessorImpl.java:43)
	at java.base/java.lang.reflect.Method.invoke(Method.java:564)
	at org.junit.runners.model.FrameworkMethod$1.runReflectiveCall(FrameworkMethod.java:47)
	at org.junit.internal.runners.model.ReflectiveCallable.run(ReflectiveCallable.java:12)
	at org.junit.runners.model.FrameworkMethod.invokeExplosively(FrameworkMethod.java:44)
	at org.junit.internal.runners.statements.InvokeMethod.evaluate(InvokeMethod.java:17)
	at org.junit.runners.ParentRunner.runLeaf(ParentRunner.java:271)
	at org.junit.runners.BlockJUnit4ClassRunner.runChild(BlockJUnit4ClassRunner.java:70)
	at org.junit.runners.BlockJUnit4ClassRunner.runChild(BlockJUnit4ClassRunner.java:50)
	at org.junit.runners.ParentRunner$3.run(ParentRunner.java:238)
	at org.junit.runners.ParentRunner$1.schedule(ParentRunner.java:63)
	at org.junit.runners.ParentRunner.runChildren(ParentRunner.java:236)
	at org.junit.runners.ParentRunner.access$000(ParentRunner.java:53)
	at org.junit.runners.ParentRunner$2.evaluate(ParentRunner.java:229)
	at org.junit.runners.ParentRunner.run(ParentRunner.java:309)
	at org.junit.runners.Suite.runChild(Suite.java:127)
	at org.junit.runners.Suite.runChild(Suite.java:26)
	at org.junit.runners.ParentRunner$3.run(ParentRunner.java:238)
	at org.junit.runners.ParentRunner$1.schedule(ParentRunner.java:63)
	at org.junit.runners.ParentRunner.runChildren(ParentRunner.java:236)
	at org.junit.runners.ParentRunner.access$000(ParentRunner.java:53)
	at org.junit.runners.ParentRunner$2.evaluate(ParentRunner.java:229)
	at org.junit.runners.ParentRunner.run(ParentRunner.java:309)
	at org.junit.runner.JUnitCore.run(JUnitCore.java:160)
	at org.junit.runner.JUnitCore.run(JUnitCore.java:138)
	at com.novocode.junit.JUnitRunner$1.execute(JUnitRunner.java:132)
	at sbt.ForkMain$Run.lambda$runTest$1(ForkMain.java:304)
	at java.base/java.util.concurrent.FutureTask.run(FutureTask.java:264)
	at java.base/java.util.concurrent.ThreadPoolExecutor.runWorker(ThreadPoolExecutor.java:1135)
	at java.base/java.util.concurrent.ThreadPoolExecutor$Worker.run(ThreadPoolExecutor.java:635)
	at java.base/java.lang.Thread.run(Thread.java:844)
</failure>
                                               </testcase><testcase classname="miniscala.test.CPSOptimizer_Blackbox" name="testPrimitiveArithmetic2" time="0.001">
                                                 <failure message="java.lang.IndexOutOfBoundsException: 1" type="sbt.ForkMain$ForkError">sbt.ForkMain$ForkError: java.lang.IndexOutOfBoundsException: 1
	at scala.collection.LinearSeqOptimized$class.apply(LinearSeqOptimized.scala:65)
	at scala.collection.immutable.List.apply(List.scala:84)
	at miniscala.CPSOptimizer.shrinkT$1(CPSOptimizer.scala:118)
	at miniscala.CPSOptimizer.shrinkT$1(CPSOptimizer.scala:133)
	at miniscala.CPSOptimizer.shrinkT$1(CPSOptimizer.scala:101)
	at miniscala.CPSOptimizer.shrinkT$1(CPSOptimizer.scala:101)
	at miniscala.CPSOptimizer.miniscala$CPSOptimizer$$shrink(CPSOptimizer.scala:137)
	at miniscala.CPSOptimizer$$anonfun$9.apply(CPSOptimizer.scala:10)
	at miniscala.CPSOptimizer$$anonfun$9.apply(CPSOptimizer.scala:10)
	at scala.collection.immutable.Stream$$anonfun$iterate$1.apply(Stream.scala:1248)
	at scala.collection.immutable.Stream$$anonfun$iterate$1.apply(Stream.scala:1248)
	at scala.collection.immutable.Stream$Cons.tail(Stream.scala:1233)
	at scala.collection.immutable.Stream$Cons.tail(Stream.scala:1223)
	at scala.collection.immutable.Stream$$anonfun$take$2.apply(Stream.scala:853)
	at scala.collection.immutable.Stream$$anonfun$take$2.apply(Stream.scala:853)
	at scala.collection.immutable.Stream$Cons.tail(Stream.scala:1233)
	at scala.collection.immutable.Stream$Cons.tail(Stream.scala:1223)
	at miniscala.package$.fixedPoint(package.scala:4)
	at miniscala.package$.fixedPoint(package.scala:9)
	at miniscala.CPSOptimizer.apply(CPSOptimizer.scala:10)
	at miniscala.CPSOptimizerHigh$.apply(CPSOptimizer.scala:247)
	at scala.Function1$$anonfun$andThen$1.apply(Function1.scala:52)
	at scala.Function1$$anonfun$andThen$1.apply(Function1.scala:52)
	at scala.Function1$$anonfun$andThen$1.apply(Function1.scala:52)
	at scala.Function1$$anonfun$andThen$1.apply(Function1.scala:52)
	at scala.Function1$$anonfun$andThen$1.apply(Function1.scala:52)
	at scala.Function1$$anonfun$andThen$1.apply(Function1.scala:52)
	at miniscala.test.infrastructure.CompilerTest$class.miniscala$test$infrastructure$CompilerTest$$compileInner(CompilerTest.scala:37)
	at miniscala.test.infrastructure.CompilerTest$$anonfun$compileUsingPipelineAndRedirect$1.apply(CompilerTest.scala:44)
	at miniscala.test.infrastructure.SandboxedTest$$anon$1.run(SandboxedTest.scala:24)
	at java.base/java.security.AccessController.doPrivileged(Native Method)
	at miniscala.test.infrastructure.SandboxedTest.sandboxedTest(SandboxedTest.scala:34)
	at miniscala.test.infrastructure.SandboxedTest.sandboxedTestWithRedirectedIO(SandboxedTest.scala:45)
	at miniscala.test.infrastructure.CompilerTest$class.compileUsingPipelineAndRedirect(CompilerTest.scala:44)
	at miniscala.test.infrastructure.CPSTest.compileUsingPipelineAndRedirect(CPSTest.scala:11)
	at miniscala.test.infrastructure.CPSOptTest.testCPSLowProgramOutput(CPSOptTest.scala:91)
	at miniscala.test.CPSOptimizer_Blackbox$$anonfun$1.apply(CPSOptimizer_Blackbox.scala:9)
	at miniscala.test.CPSOptimizer_Blackbox$$anonfun$1.apply(CPSOptimizer_Blackbox.scala:9)
	at miniscala.test.ok.PrimitivesOKTests$class.testPrimitiveArithmetic2(PrimitivesOKTests.scala:15)
	at miniscala.test.CPSOptimizer_Blackbox.testPrimitiveArithmetic2(CPSOptimizer_Blackbox.scala:7)
	at java.base/jdk.internal.reflect.NativeMethodAccessorImpl.invoke0(Native Method)
	at java.base/jdk.internal.reflect.NativeMethodAccessorImpl.invoke(NativeMethodAccessorImpl.java:62)
	at java.base/jdk.internal.reflect.DelegatingMethodAccessorImpl.invoke(DelegatingMethodAccessorImpl.java:43)
	at java.base/java.lang.reflect.Method.invoke(Method.java:564)
	at org.junit.runners.model.FrameworkMethod$1.runReflectiveCall(FrameworkMethod.java:47)
	at org.junit.internal.runners.model.ReflectiveCallable.run(ReflectiveCallable.java:12)
	at org.junit.runners.model.FrameworkMethod.invokeExplosively(FrameworkMethod.java:44)
	at org.junit.internal.runners.statements.InvokeMethod.evaluate(InvokeMethod.java:17)
	at org.junit.runners.ParentRunner.runLeaf(ParentRunner.java:271)
	at org.junit.runners.BlockJUnit4ClassRunner.runChild(BlockJUnit4ClassRunner.java:70)
	at org.junit.runners.BlockJUnit4ClassRunner.runChild(BlockJUnit4ClassRunner.java:50)
	at org.junit.runners.ParentRunner$3.run(ParentRunner.java:238)
	at org.junit.runners.ParentRunner$1.schedule(ParentRunner.java:63)
	at org.junit.runners.ParentRunner.runChildren(ParentRunner.java:236)
	at org.junit.runners.ParentRunner.access$000(ParentRunner.java:53)
	at org.junit.runners.ParentRunner$2.evaluate(ParentRunner.java:229)
	at org.junit.runners.ParentRunner.run(ParentRunner.java:309)
	at org.junit.runners.Suite.runChild(Suite.java:127)
	at org.junit.runners.Suite.runChild(Suite.java:26)
	at org.junit.runners.ParentRunner$3.run(ParentRunner.java:238)
	at org.junit.runners.ParentRunner$1.schedule(ParentRunner.java:63)
	at org.junit.runners.ParentRunner.runChildren(ParentRunner.java:236)
	at org.junit.runners.ParentRunner.access$000(ParentRunner.java:53)
	at org.junit.runners.ParentRunner$2.evaluate(ParentRunner.java:229)
	at org.junit.runners.ParentRunner.run(ParentRunner.java:309)
	at org.junit.runner.JUnitCore.run(JUnitCore.java:160)
	at org.junit.runner.JUnitCore.run(JUnitCore.java:138)
	at com.novocode.junit.JUnitRunner$1.execute(JUnitRunner.java:132)
	at sbt.ForkMain$Run.lambda$runTest$1(ForkMain.java:304)
	at java.base/java.util.concurrent.FutureTask.run(FutureTask.java:264)
	at java.base/java.util.concurrent.ThreadPoolExecutor.runWorker(ThreadPoolExecutor.java:1135)
	at java.base/java.util.concurrent.ThreadPoolExecutor$Worker.run(ThreadPoolExecutor.java:635)
	at java.base/java.lang.Thread.run(Thread.java:844)
</failure>
                                               </testcase><testcase classname="miniscala.test.CPSOptimizer_Blackbox" name="testPrimitiveArithmetic3" time="0.001">
                                                 <failure message="java.lang.IndexOutOfBoundsException: 1" type="sbt.ForkMain$ForkError">sbt.ForkMain$ForkError: java.lang.IndexOutOfBoundsException: 1
	at scala.collection.LinearSeqOptimized$class.apply(LinearSeqOptimized.scala:65)
	at scala.collection.immutable.List.apply(List.scala:84)
	at miniscala.CPSOptimizer.shrinkT$1(CPSOptimizer.scala:118)
	at miniscala.CPSOptimizer.shrinkT$1(CPSOptimizer.scala:133)
	at miniscala.CPSOptimizer.shrinkT$1(CPSOptimizer.scala:101)
	at miniscala.CPSOptimizer.shrinkT$1(CPSOptimizer.scala:133)
	at miniscala.CPSOptimizer.shrinkT$1(CPSOptimizer.scala:101)
	at miniscala.CPSOptimizer.shrinkT$1(CPSOptimizer.scala:133)
	at miniscala.CPSOptimizer.shrinkT$1(CPSOptimizer.scala:101)
	at miniscala.CPSOptimizer.shrinkT$1(CPSOptimizer.scala:101)
	at miniscala.CPSOptimizer.miniscala$CPSOptimizer$$shrink(CPSOptimizer.scala:137)
	at miniscala.CPSOptimizer$$anonfun$9.apply(CPSOptimizer.scala:10)
	at miniscala.CPSOptimizer$$anonfun$9.apply(CPSOptimizer.scala:10)
	at scala.collection.immutable.Stream$$anonfun$iterate$1.apply(Stream.scala:1248)
	at scala.collection.immutable.Stream$$anonfun$iterate$1.apply(Stream.scala:1248)
	at scala.collection.immutable.Stream$Cons.tail(Stream.scala:1233)
	at scala.collection.immutable.Stream$Cons.tail(Stream.scala:1223)
	at scala.collection.immutable.Stream$$anonfun$take$2.apply(Stream.scala:853)
	at scala.collection.immutable.Stream$$anonfun$take$2.apply(Stream.scala:853)
	at scala.collection.immutable.Stream$Cons.tail(Stream.scala:1233)
	at scala.collection.immutable.Stream$Cons.tail(Stream.scala:1223)
	at miniscala.package$.fixedPoint(package.scala:4)
	at miniscala.package$.fixedPoint(package.scala:9)
	at miniscala.CPSOptimizer.apply(CPSOptimizer.scala:10)
	at miniscala.CPSOptimizerHigh$.apply(CPSOptimizer.scala:247)
	at scala.Function1$$anonfun$andThen$1.apply(Function1.scala:52)
	at scala.Function1$$anonfun$andThen$1.apply(Function1.scala:52)
	at scala.Function1$$anonfun$andThen$1.apply(Function1.scala:52)
	at scala.Function1$$anonfun$andThen$1.apply(Function1.scala:52)
	at scala.Function1$$anonfun$andThen$1.apply(Function1.scala:52)
	at scala.Function1$$anonfun$andThen$1.apply(Function1.scala:52)
	at miniscala.test.infrastructure.CompilerTest$class.miniscala$test$infrastructure$CompilerTest$$compileInner(CompilerTest.scala:37)
	at miniscala.test.infrastructure.CompilerTest$$anonfun$compileUsingPipelineAndRedirect$1.apply(CompilerTest.scala:44)
	at miniscala.test.infrastructure.SandboxedTest$$anon$1.run(SandboxedTest.scala:24)
	at java.base/java.security.AccessController.doPrivileged(Native Method)
	at miniscala.test.infrastructure.SandboxedTest.sandboxedTest(SandboxedTest.scala:34)
	at miniscala.test.infrastructure.SandboxedTest.sandboxedTestWithRedirectedIO(SandboxedTest.scala:45)
	at miniscala.test.infrastructure.CompilerTest$class.compileUsingPipelineAndRedirect(CompilerTest.scala:44)
	at miniscala.test.infrastructure.CPSTest.compileUsingPipelineAndRedirect(CPSTest.scala:11)
	at miniscala.test.infrastructure.CPSOptTest.testCPSLowProgramOutput(CPSOptTest.scala:91)
	at miniscala.test.CPSOptimizer_Blackbox$$anonfun$1.apply(CPSOptimizer_Blackbox.scala:9)
	at miniscala.test.CPSOptimizer_Blackbox$$anonfun$1.apply(CPSOptimizer_Blackbox.scala:9)
	at miniscala.test.ok.PrimitivesOKTests$class.testPrimitiveArithmetic3(PrimitivesOKTests.scala:22)
	at miniscala.test.CPSOptimizer_Blackbox.testPrimitiveArithmetic3(CPSOptimizer_Blackbox.scala:7)
	at java.base/jdk.internal.reflect.NativeMethodAccessorImpl.invoke0(Native Method)
	at java.base/jdk.internal.reflect.NativeMethodAccessorImpl.invoke(NativeMethodAccessorImpl.java:62)
	at java.base/jdk.internal.reflect.DelegatingMethodAccessorImpl.invoke(DelegatingMethodAccessorImpl.java:43)
	at java.base/java.lang.reflect.Method.invoke(Method.java:564)
	at org.junit.runners.model.FrameworkMethod$1.runReflectiveCall(FrameworkMethod.java:47)
	at org.junit.internal.runners.model.ReflectiveCallable.run(ReflectiveCallable.java:12)
	at org.junit.runners.model.FrameworkMethod.invokeExplosively(FrameworkMethod.java:44)
	at org.junit.internal.runners.statements.InvokeMethod.evaluate(InvokeMethod.java:17)
	at org.junit.runners.ParentRunner.runLeaf(ParentRunner.java:271)
	at org.junit.runners.BlockJUnit4ClassRunner.runChild(BlockJUnit4ClassRunner.java:70)
	at org.junit.runners.BlockJUnit4ClassRunner.runChild(BlockJUnit4ClassRunner.java:50)
	at org.junit.runners.ParentRunner$3.run(ParentRunner.java:238)
	at org.junit.runners.ParentRunner$1.schedule(ParentRunner.java:63)
	at org.junit.runners.ParentRunner.runChildren(ParentRunner.java:236)
	at org.junit.runners.ParentRunner.access$000(ParentRunner.java:53)
	at org.junit.runners.ParentRunner$2.evaluate(ParentRunner.java:229)
	at org.junit.runners.ParentRunner.run(ParentRunner.java:309)
	at org.junit.runners.Suite.runChild(Suite.java:127)
	at org.junit.runners.Suite.runChild(Suite.java:26)
	at org.junit.runners.ParentRunner$3.run(ParentRunner.java:238)
	at org.junit.runners.ParentRunner$1.schedule(ParentRunner.java:63)
	at org.junit.runners.ParentRunner.runChildren(ParentRunner.java:236)
	at org.junit.runners.ParentRunner.access$000(ParentRunner.java:53)
	at org.junit.runners.ParentRunner$2.evaluate(ParentRunner.java:229)
	at org.junit.runners.ParentRunner.run(ParentRunner.java:309)
	at org.junit.runner.JUnitCore.run(JUnitCore.java:160)
	at org.junit.runner.JUnitCore.run(JUnitCore.java:138)
	at com.novocode.junit.JUnitRunner$1.execute(JUnitRunner.java:132)
	at sbt.ForkMain$Run.lambda$runTest$1(ForkMain.java:304)
	at java.base/java.util.concurrent.FutureTask.run(FutureTask.java:264)
	at java.base/java.util.concurrent.ThreadPoolExecutor.runWorker(ThreadPoolExecutor.java:1135)
	at java.base/java.util.concurrent.ThreadPoolExecutor$Worker.run(ThreadPoolExecutor.java:635)
	at java.base/java.lang.Thread.run(Thread.java:844)
</failure>
                                               </testcase><testcase classname="miniscala.test.CPSOptimizer_Blackbox" name="testPrimitiveArithmetic4" time="0.001">
                                                 <failure message="java.lang.IndexOutOfBoundsException: 1" type="sbt.ForkMain$ForkError">sbt.ForkMain$ForkError: java.lang.IndexOutOfBoundsException: 1
	at scala.collection.LinearSeqOptimized$class.apply(LinearSeqOptimized.scala:65)
	at scala.collection.immutable.List.apply(List.scala:84)
	at miniscala.CPSOptimizer.shrinkT$1(CPSOptimizer.scala:118)
	at miniscala.CPSOptimizer.shrinkT$1(CPSOptimizer.scala:133)
	at miniscala.CPSOptimizer.shrinkT$1(CPSOptimizer.scala:101)
	at miniscala.CPSOptimizer.shrinkT$1(CPSOptimizer.scala:101)
	at miniscala.CPSOptimizer.miniscala$CPSOptimizer$$shrink(CPSOptimizer.scala:137)
	at miniscala.CPSOptimizer$$anonfun$9.apply(CPSOptimizer.scala:10)
	at miniscala.CPSOptimizer$$anonfun$9.apply(CPSOptimizer.scala:10)
	at scala.collection.immutable.Stream$$anonfun$iterate$1.apply(Stream.scala:1248)
	at scala.collection.immutable.Stream$$anonfun$iterate$1.apply(Stream.scala:1248)
	at scala.collection.immutable.Stream$Cons.tail(Stream.scala:1233)
	at scala.collection.immutable.Stream$Cons.tail(Stream.scala:1223)
	at scala.collection.immutable.Stream$$anonfun$take$2.apply(Stream.scala:853)
	at scala.collection.immutable.Stream$$anonfun$take$2.apply(Stream.scala:853)
	at scala.collection.immutable.Stream$Cons.tail(Stream.scala:1233)
	at scala.collection.immutable.Stream$Cons.tail(Stream.scala:1223)
	at miniscala.package$.fixedPoint(package.scala:4)
	at miniscala.package$.fixedPoint(package.scala:9)
	at miniscala.CPSOptimizer.apply(CPSOptimizer.scala:10)
	at miniscala.CPSOptimizerHigh$.apply(CPSOptimizer.scala:247)
	at scala.Function1$$anonfun$andThen$1.apply(Function1.scala:52)
	at scala.Function1$$anonfun$andThen$1.apply(Function1.scala:52)
	at scala.Function1$$anonfun$andThen$1.apply(Function1.scala:52)
	at scala.Function1$$anonfun$andThen$1.apply(Function1.scala:52)
	at scala.Function1$$anonfun$andThen$1.apply(Function1.scala:52)
	at scala.Function1$$anonfun$andThen$1.apply(Function1.scala:52)
	at miniscala.test.infrastructure.CompilerTest$class.miniscala$test$infrastructure$CompilerTest$$compileInner(CompilerTest.scala:37)
	at miniscala.test.infrastructure.CompilerTest$$anonfun$compileUsingPipelineAndRedirect$1.apply(CompilerTest.scala:44)
	at miniscala.test.infrastructure.SandboxedTest$$anon$1.run(SandboxedTest.scala:24)
	at java.base/java.security.AccessController.doPrivileged(Native Method)
	at miniscala.test.infrastructure.SandboxedTest.sandboxedTest(SandboxedTest.scala:34)
	at miniscala.test.infrastructure.SandboxedTest.sandboxedTestWithRedirectedIO(SandboxedTest.scala:45)
	at miniscala.test.infrastructure.CompilerTest$class.compileUsingPipelineAndRedirect(CompilerTest.scala:44)
	at miniscala.test.infrastructure.CPSTest.compileUsingPipelineAndRedirect(CPSTest.scala:11)
	at miniscala.test.infrastructure.CPSOptTest.testCPSLowProgramOutput(CPSOptTest.scala:91)
	at miniscala.test.CPSOptimizer_Blackbox$$anonfun$1.apply(CPSOptimizer_Blackbox.scala:9)
	at miniscala.test.CPSOptimizer_Blackbox$$anonfun$1.apply(CPSOptimizer_Blackbox.scala:9)
	at miniscala.test.ok.PrimitivesOKTests$class.testPrimitiveArithmetic4(PrimitivesOKTests.scala:29)
	at miniscala.test.CPSOptimizer_Blackbox.testPrimitiveArithmetic4(CPSOptimizer_Blackbox.scala:7)
	at java.base/jdk.internal.reflect.NativeMethodAccessorImpl.invoke0(Native Method)
	at java.base/jdk.internal.reflect.NativeMethodAccessorImpl.invoke(NativeMethodAccessorImpl.java:62)
	at java.base/jdk.internal.reflect.DelegatingMethodAccessorImpl.invoke(DelegatingMethodAccessorImpl.java:43)
	at java.base/java.lang.reflect.Method.invoke(Method.java:564)
	at org.junit.runners.model.FrameworkMethod$1.runReflectiveCall(FrameworkMethod.java:47)
	at org.junit.internal.runners.model.ReflectiveCallable.run(ReflectiveCallable.java:12)
	at org.junit.runners.model.FrameworkMethod.invokeExplosively(FrameworkMethod.java:44)
	at org.junit.internal.runners.statements.InvokeMethod.evaluate(InvokeMethod.java:17)
	at org.junit.runners.ParentRunner.runLeaf(ParentRunner.java:271)
	at org.junit.runners.BlockJUnit4ClassRunner.runChild(BlockJUnit4ClassRunner.java:70)
	at org.junit.runners.BlockJUnit4ClassRunner.runChild(BlockJUnit4ClassRunner.java:50)
	at org.junit.runners.ParentRunner$3.run(ParentRunner.java:238)
	at org.junit.runners.ParentRunner$1.schedule(ParentRunner.java:63)
	at org.junit.runners.ParentRunner.runChildren(ParentRunner.java:236)
	at org.junit.runners.ParentRunner.access$000(ParentRunner.java:53)
	at org.junit.runners.ParentRunner$2.evaluate(ParentRunner.java:229)
	at org.junit.runners.ParentRunner.run(ParentRunner.java:309)
	at org.junit.runners.Suite.runChild(Suite.java:127)
	at org.junit.runners.Suite.runChild(Suite.java:26)
	at org.junit.runners.ParentRunner$3.run(ParentRunner.java:238)
	at org.junit.runners.ParentRunner$1.schedule(ParentRunner.java:63)
	at org.junit.runners.ParentRunner.runChildren(ParentRunner.java:236)
	at org.junit.runners.ParentRunner.access$000(ParentRunner.java:53)
	at org.junit.runners.ParentRunner$2.evaluate(ParentRunner.java:229)
	at org.junit.runners.ParentRunner.run(ParentRunner.java:309)
	at org.junit.runner.JUnitCore.run(JUnitCore.java:160)
	at org.junit.runner.JUnitCore.run(JUnitCore.java:138)
	at com.novocode.junit.JUnitRunner$1.execute(JUnitRunner.java:132)
	at sbt.ForkMain$Run.lambda$runTest$1(ForkMain.java:304)
	at java.base/java.util.concurrent.FutureTask.run(FutureTask.java:264)
	at java.base/java.util.concurrent.ThreadPoolExecutor.runWorker(ThreadPoolExecutor.java:1135)
	at java.base/java.util.concurrent.ThreadPoolExecutor$Worker.run(ThreadPoolExecutor.java:635)
	at java.base/java.lang.Thread.run(Thread.java:844)
</failure>
                                               </testcase><testcase classname="miniscala.test.CPSOptimizer_Blackbox" name="testPrimitiveArithmetic5" time="0.001">
                                                 <failure message="java.lang.IndexOutOfBoundsException: 1" type="sbt.ForkMain$ForkError">sbt.ForkMain$ForkError: java.lang.IndexOutOfBoundsException: 1
	at scala.collection.LinearSeqOptimized$class.apply(LinearSeqOptimized.scala:65)
	at scala.collection.immutable.List.apply(List.scala:84)
	at miniscala.CPSOptimizer.shrinkT$1(CPSOptimizer.scala:118)
	at miniscala.CPSOptimizer.shrinkT$1(CPSOptimizer.scala:133)
	at miniscala.CPSOptimizer.shrinkT$1(CPSOptimizer.scala:101)
	at miniscala.CPSOptimizer.shrinkT$1(CPSOptimizer.scala:101)
	at miniscala.CPSOptimizer.miniscala$CPSOptimizer$$shrink(CPSOptimizer.scala:137)
	at miniscala.CPSOptimizer$$anonfun$9.apply(CPSOptimizer.scala:10)
	at miniscala.CPSOptimizer$$anonfun$9.apply(CPSOptimizer.scala:10)
	at scala.collection.immutable.Stream$$anonfun$iterate$1.apply(Stream.scala:1248)
	at scala.collection.immutable.Stream$$anonfun$iterate$1.apply(Stream.scala:1248)
	at scala.collection.immutable.Stream$Cons.tail(Stream.scala:1233)
	at scala.collection.immutable.Stream$Cons.tail(Stream.scala:1223)
	at scala.collection.immutable.Stream$$anonfun$take$2.apply(Stream.scala:853)
	at scala.collection.immutable.Stream$$anonfun$take$2.apply(Stream.scala:853)
	at scala.collection.immutable.Stream$Cons.tail(Stream.scala:1233)
	at scala.collection.immutable.Stream$Cons.tail(Stream.scala:1223)
	at miniscala.package$.fixedPoint(package.scala:4)
	at miniscala.package$.fixedPoint(package.scala:9)
	at miniscala.CPSOptimizer.apply(CPSOptimizer.scala:10)
	at miniscala.CPSOptimizerHigh$.apply(CPSOptimizer.scala:247)
	at scala.Function1$$anonfun$andThen$1.apply(Function1.scala:52)
	at scala.Function1$$anonfun$andThen$1.apply(Function1.scala:52)
	at scala.Function1$$anonfun$andThen$1.apply(Function1.scala:52)
	at scala.Function1$$anonfun$andThen$1.apply(Function1.scala:52)
	at scala.Function1$$anonfun$andThen$1.apply(Function1.scala:52)
	at scala.Function1$$anonfun$andThen$1.apply(Function1.scala:52)
	at miniscala.test.infrastructure.CompilerTest$class.miniscala$test$infrastructure$CompilerTest$$compileInner(CompilerTest.scala:37)
	at miniscala.test.infrastructure.CompilerTest$$anonfun$compileUsingPipelineAndRedirect$1.apply(CompilerTest.scala:44)
	at miniscala.test.infrastructure.SandboxedTest$$anon$1.run(SandboxedTest.scala:24)
	at java.base/java.security.AccessController.doPrivileged(Native Method)
	at miniscala.test.infrastructure.SandboxedTest.sandboxedTest(SandboxedTest.scala:34)
	at miniscala.test.infrastructure.SandboxedTest.sandboxedTestWithRedirectedIO(SandboxedTest.scala:45)
	at miniscala.test.infrastructure.CompilerTest$class.compileUsingPipelineAndRedirect(CompilerTest.scala:44)
	at miniscala.test.infrastructure.CPSTest.compileUsingPipelineAndRedirect(CPSTest.scala:11)
	at miniscala.test.infrastructure.CPSOptTest.testCPSLowProgramOutput(CPSOptTest.scala:91)
	at miniscala.test.CPSOptimizer_Blackbox$$anonfun$1.apply(CPSOptimizer_Blackbox.scala:9)
	at miniscala.test.CPSOptimizer_Blackbox$$anonfun$1.apply(CPSOptimizer_Blackbox.scala:9)
	at miniscala.test.ok.PrimitivesOKTests$class.testPrimitiveArithmetic5(PrimitivesOKTests.scala:36)
	at miniscala.test.CPSOptimizer_Blackbox.testPrimitiveArithmetic5(CPSOptimizer_Blackbox.scala:7)
	at java.base/jdk.internal.reflect.NativeMethodAccessorImpl.invoke0(Native Method)
	at java.base/jdk.internal.reflect.NativeMethodAccessorImpl.invoke(NativeMethodAccessorImpl.java:62)
	at java.base/jdk.internal.reflect.DelegatingMethodAccessorImpl.invoke(DelegatingMethodAccessorImpl.java:43)
	at java.base/java.lang.reflect.Method.invoke(Method.java:564)
	at org.junit.runners.model.FrameworkMethod$1.runReflectiveCall(FrameworkMethod.java:47)
	at org.junit.internal.runners.model.ReflectiveCallable.run(ReflectiveCallable.java:12)
	at org.junit.runners.model.FrameworkMethod.invokeExplosively(FrameworkMethod.java:44)
	at org.junit.internal.runners.statements.InvokeMethod.evaluate(InvokeMethod.java:17)
	at org.junit.runners.ParentRunner.runLeaf(ParentRunner.java:271)
	at org.junit.runners.BlockJUnit4ClassRunner.runChild(BlockJUnit4ClassRunner.java:70)
	at org.junit.runners.BlockJUnit4ClassRunner.runChild(BlockJUnit4ClassRunner.java:50)
	at org.junit.runners.ParentRunner$3.run(ParentRunner.java:238)
	at org.junit.runners.ParentRunner$1.schedule(ParentRunner.java:63)
	at org.junit.runners.ParentRunner.runChildren(ParentRunner.java:236)
	at org.junit.runners.ParentRunner.access$000(ParentRunner.java:53)
	at org.junit.runners.ParentRunner$2.evaluate(ParentRunner.java:229)
	at org.junit.runners.ParentRunner.run(ParentRunner.java:309)
	at org.junit.runners.Suite.runChild(Suite.java:127)
	at org.junit.runners.Suite.runChild(Suite.java:26)
	at org.junit.runners.ParentRunner$3.run(ParentRunner.java:238)
	at org.junit.runners.ParentRunner$1.schedule(ParentRunner.java:63)
	at org.junit.runners.ParentRunner.runChildren(ParentRunner.java:236)
	at org.junit.runners.ParentRunner.access$000(ParentRunner.java:53)
	at org.junit.runners.ParentRunner$2.evaluate(ParentRunner.java:229)
	at org.junit.runners.ParentRunner.run(ParentRunner.java:309)
	at org.junit.runner.JUnitCore.run(JUnitCore.java:160)
	at org.junit.runner.JUnitCore.run(JUnitCore.java:138)
	at com.novocode.junit.JUnitRunner$1.execute(JUnitRunner.java:132)
	at sbt.ForkMain$Run.lambda$runTest$1(ForkMain.java:304)
	at java.base/java.util.concurrent.FutureTask.run(FutureTask.java:264)
	at java.base/java.util.concurrent.ThreadPoolExecutor.runWorker(ThreadPoolExecutor.java:1135)
	at java.base/java.util.concurrent.ThreadPoolExecutor$Worker.run(ThreadPoolExecutor.java:635)
	at java.base/java.lang.Thread.run(Thread.java:844)
</failure>
                                               </testcase><testcase classname="miniscala.test.CPSOptimizer_Blackbox" name="testPrimitiveArithmetic6" time="0.0">
                                                 <failure message="java.lang.IndexOutOfBoundsException: 1" type="sbt.ForkMain$ForkError">sbt.ForkMain$ForkError: java.lang.IndexOutOfBoundsException: 1
	at scala.collection.LinearSeqOptimized$class.apply(LinearSeqOptimized.scala:65)
	at scala.collection.immutable.List.apply(List.scala:84)
	at miniscala.CPSOptimizer.shrinkT$1(CPSOptimizer.scala:118)
	at miniscala.CPSOptimizer.shrinkT$1(CPSOptimizer.scala:133)
	at miniscala.CPSOptimizer.shrinkT$1(CPSOptimizer.scala:101)
	at miniscala.CPSOptimizer.shrinkT$1(CPSOptimizer.scala:133)
	at miniscala.CPSOptimizer.shrinkT$1(CPSOptimizer.scala:101)
	at miniscala.CPSOptimizer.shrinkT$1(CPSOptimizer.scala:101)
	at miniscala.CPSOptimizer.miniscala$CPSOptimizer$$shrink(CPSOptimizer.scala:137)
	at miniscala.CPSOptimizer$$anonfun$9.apply(CPSOptimizer.scala:10)
	at miniscala.CPSOptimizer$$anonfun$9.apply(CPSOptimizer.scala:10)
	at scala.collection.immutable.Stream$$anonfun$iterate$1.apply(Stream.scala:1248)
	at scala.collection.immutable.Stream$$anonfun$iterate$1.apply(Stream.scala:1248)
	at scala.collection.immutable.Stream$Cons.tail(Stream.scala:1233)
	at scala.collection.immutable.Stream$Cons.tail(Stream.scala:1223)
	at scala.collection.immutable.Stream$$anonfun$take$2.apply(Stream.scala:853)
	at scala.collection.immutable.Stream$$anonfun$take$2.apply(Stream.scala:853)
	at scala.collection.immutable.Stream$Cons.tail(Stream.scala:1233)
	at scala.collection.immutable.Stream$Cons.tail(Stream.scala:1223)
	at miniscala.package$.fixedPoint(package.scala:4)
	at miniscala.package$.fixedPoint(package.scala:9)
	at miniscala.CPSOptimizer.apply(CPSOptimizer.scala:10)
	at miniscala.CPSOptimizerHigh$.apply(CPSOptimizer.scala:247)
	at scala.Function1$$anonfun$andThen$1.apply(Function1.scala:52)
	at scala.Function1$$anonfun$andThen$1.apply(Function1.scala:52)
	at scala.Function1$$anonfun$andThen$1.apply(Function1.scala:52)
	at scala.Function1$$anonfun$andThen$1.apply(Function1.scala:52)
	at scala.Function1$$anonfun$andThen$1.apply(Function1.scala:52)
	at scala.Function1$$anonfun$andThen$1.apply(Function1.scala:52)
	at miniscala.test.infrastructure.CompilerTest$class.miniscala$test$infrastructure$CompilerTest$$compileInner(CompilerTest.scala:37)
	at miniscala.test.infrastructure.CompilerTest$$anonfun$compileUsingPipelineAndRedirect$1.apply(CompilerTest.scala:44)
	at miniscala.test.infrastructure.SandboxedTest$$anon$1.run(SandboxedTest.scala:24)
	at java.base/java.security.AccessController.doPrivileged(Native Method)
	at miniscala.test.infrastructure.SandboxedTest.sandboxedTest(SandboxedTest.scala:34)
	at miniscala.test.infrastructure.SandboxedTest.sandboxedTestWithRedirectedIO(SandboxedTest.scala:45)
	at miniscala.test.infrastructure.CompilerTest$class.compileUsingPipelineAndRedirect(CompilerTest.scala:44)
	at miniscala.test.infrastructure.CPSTest.compileUsingPipelineAndRedirect(CPSTest.scala:11)
	at miniscala.test.infrastructure.CPSOptTest.testCPSLowProgramOutput(CPSOptTest.scala:91)
	at miniscala.test.CPSOptimizer_Blackbox$$anonfun$1.apply(CPSOptimizer_Blackbox.scala:9)
	at miniscala.test.CPSOptimizer_Blackbox$$anonfun$1.apply(CPSOptimizer_Blackbox.scala:9)
	at miniscala.test.ok.PrimitivesOKTests$class.testPrimitiveArithmetic6(PrimitivesOKTests.scala:43)
	at miniscala.test.CPSOptimizer_Blackbox.testPrimitiveArithmetic6(CPSOptimizer_Blackbox.scala:7)
	at java.base/jdk.internal.reflect.NativeMethodAccessorImpl.invoke0(Native Method)
	at java.base/jdk.internal.reflect.NativeMethodAccessorImpl.invoke(NativeMethodAccessorImpl.java:62)
	at java.base/jdk.internal.reflect.DelegatingMethodAccessorImpl.invoke(DelegatingMethodAccessorImpl.java:43)
	at java.base/java.lang.reflect.Method.invoke(Method.java:564)
	at org.junit.runners.model.FrameworkMethod$1.runReflectiveCall(FrameworkMethod.java:47)
	at org.junit.internal.runners.model.ReflectiveCallable.run(ReflectiveCallable.java:12)
	at org.junit.runners.model.FrameworkMethod.invokeExplosively(FrameworkMethod.java:44)
	at org.junit.internal.runners.statements.InvokeMethod.evaluate(InvokeMethod.java:17)
	at org.junit.runners.ParentRunner.runLeaf(ParentRunner.java:271)
	at org.junit.runners.BlockJUnit4ClassRunner.runChild(BlockJUnit4ClassRunner.java:70)
	at org.junit.runners.BlockJUnit4ClassRunner.runChild(BlockJUnit4ClassRunner.java:50)
	at org.junit.runners.ParentRunner$3.run(ParentRunner.java:238)
	at org.junit.runners.ParentRunner$1.schedule(ParentRunner.java:63)
	at org.junit.runners.ParentRunner.runChildren(ParentRunner.java:236)
	at org.junit.runners.ParentRunner.access$000(ParentRunner.java:53)
	at org.junit.runners.ParentRunner$2.evaluate(ParentRunner.java:229)
	at org.junit.runners.ParentRunner.run(ParentRunner.java:309)
	at org.junit.runners.Suite.runChild(Suite.java:127)
	at org.junit.runners.Suite.runChild(Suite.java:26)
	at org.junit.runners.ParentRunner$3.run(ParentRunner.java:238)
	at org.junit.runners.ParentRunner$1.schedule(ParentRunner.java:63)
	at org.junit.runners.ParentRunner.runChildren(ParentRunner.java:236)
	at org.junit.runners.ParentRunner.access$000(ParentRunner.java:53)
	at org.junit.runners.ParentRunner$2.evaluate(ParentRunner.java:229)
	at org.junit.runners.ParentRunner.run(ParentRunner.java:309)
	at org.junit.runner.JUnitCore.run(JUnitCore.java:160)
	at org.junit.runner.JUnitCore.run(JUnitCore.java:138)
	at com.novocode.junit.JUnitRunner$1.execute(JUnitRunner.java:132)
	at sbt.ForkMain$Run.lambda$runTest$1(ForkMain.java:304)
	at java.base/java.util.concurrent.FutureTask.run(FutureTask.java:264)
	at java.base/java.util.concurrent.ThreadPoolExecutor.runWorker(ThreadPoolExecutor.java:1135)
	at java.base/java.util.concurrent.ThreadPoolExecutor$Worker.run(ThreadPoolExecutor.java:635)
	at java.base/java.lang.Thread.run(Thread.java:844)
</failure>
                                               </testcase><testcase classname="miniscala.test.CPSOptimizer_Blackbox" name="testPrimitiveArithmetic7" time="0.001">
                                                 <failure message="java.lang.IndexOutOfBoundsException: 1" type="sbt.ForkMain$ForkError">sbt.ForkMain$ForkError: java.lang.IndexOutOfBoundsException: 1
	at scala.collection.LinearSeqOptimized$class.apply(LinearSeqOptimized.scala:65)
	at scala.collection.immutable.List.apply(List.scala:84)
	at miniscala.CPSOptimizer.shrinkT$1(CPSOptimizer.scala:118)
	at miniscala.CPSOptimizer.shrinkT$1(CPSOptimizer.scala:133)
	at miniscala.CPSOptimizer.shrinkT$1(CPSOptimizer.scala:101)
	at miniscala.CPSOptimizer.shrinkT$1(CPSOptimizer.scala:101)
	at miniscala.CPSOptimizer.miniscala$CPSOptimizer$$shrink(CPSOptimizer.scala:137)
	at miniscala.CPSOptimizer$$anonfun$9.apply(CPSOptimizer.scala:10)
	at miniscala.CPSOptimizer$$anonfun$9.apply(CPSOptimizer.scala:10)
	at scala.collection.immutable.Stream$$anonfun$iterate$1.apply(Stream.scala:1248)
	at scala.collection.immutable.Stream$$anonfun$iterate$1.apply(Stream.scala:1248)
	at scala.collection.immutable.Stream$Cons.tail(Stream.scala:1233)
	at scala.collection.immutable.Stream$Cons.tail(Stream.scala:1223)
	at scala.collection.immutable.Stream$$anonfun$take$2.apply(Stream.scala:853)
	at scala.collection.immutable.Stream$$anonfun$take$2.apply(Stream.scala:853)
	at scala.collection.immutable.Stream$Cons.tail(Stream.scala:1233)
	at scala.collection.immutable.Stream$Cons.tail(Stream.scala:1223)
	at miniscala.package$.fixedPoint(package.scala:4)
	at miniscala.package$.fixedPoint(package.scala:9)
	at miniscala.CPSOptimizer.apply(CPSOptimizer.scala:10)
	at miniscala.CPSOptimizerHigh$.apply(CPSOptimizer.scala:247)
	at scala.Function1$$anonfun$andThen$1.apply(Function1.scala:52)
	at scala.Function1$$anonfun$andThen$1.apply(Function1.scala:52)
	at scala.Function1$$anonfun$andThen$1.apply(Function1.scala:52)
	at scala.Function1$$anonfun$andThen$1.apply(Function1.scala:52)
	at scala.Function1$$anonfun$andThen$1.apply(Function1.scala:52)
	at scala.Function1$$anonfun$andThen$1.apply(Function1.scala:52)
	at miniscala.test.infrastructure.CompilerTest$class.miniscala$test$infrastructure$CompilerTest$$compileInner(CompilerTest.scala:37)
	at miniscala.test.infrastructure.CompilerTest$$anonfun$compileUsingPipelineAndRedirect$1.apply(CompilerTest.scala:44)
	at miniscala.test.infrastructure.SandboxedTest$$anon$1.run(SandboxedTest.scala:24)
	at java.base/java.security.AccessController.doPrivileged(Native Method)
	at miniscala.test.infrastructure.SandboxedTest.sandboxedTest(SandboxedTest.scala:34)
	at miniscala.test.infrastructure.SandboxedTest.sandboxedTestWithRedirectedIO(SandboxedTest.scala:45)
	at miniscala.test.infrastructure.CompilerTest$class.compileUsingPipelineAndRedirect(CompilerTest.scala:44)
	at miniscala.test.infrastructure.CPSTest.compileUsingPipelineAndRedirect(CPSTest.scala:11)
	at miniscala.test.infrastructure.CPSOptTest.testCPSLowProgramOutput(CPSOptTest.scala:91)
	at miniscala.test.CPSOptimizer_Blackbox$$anonfun$1.apply(CPSOptimizer_Blackbox.scala:9)
	at miniscala.test.CPSOptimizer_Blackbox$$anonfun$1.apply(CPSOptimizer_Blackbox.scala:9)
	at miniscala.test.ok.PrimitivesOKTests$class.testPrimitiveArithmetic7(PrimitivesOKTests.scala:50)
	at miniscala.test.CPSOptimizer_Blackbox.testPrimitiveArithmetic7(CPSOptimizer_Blackbox.scala:7)
	at java.base/jdk.internal.reflect.NativeMethodAccessorImpl.invoke0(Native Method)
	at java.base/jdk.internal.reflect.NativeMethodAccessorImpl.invoke(NativeMethodAccessorImpl.java:62)
	at java.base/jdk.internal.reflect.DelegatingMethodAccessorImpl.invoke(DelegatingMethodAccessorImpl.java:43)
	at java.base/java.lang.reflect.Method.invoke(Method.java:564)
	at org.junit.runners.model.FrameworkMethod$1.runReflectiveCall(FrameworkMethod.java:47)
	at org.junit.internal.runners.model.ReflectiveCallable.run(ReflectiveCallable.java:12)
	at org.junit.runners.model.FrameworkMethod.invokeExplosively(FrameworkMethod.java:44)
	at org.junit.internal.runners.statements.InvokeMethod.evaluate(InvokeMethod.java:17)
	at org.junit.runners.ParentRunner.runLeaf(ParentRunner.java:271)
	at org.junit.runners.BlockJUnit4ClassRunner.runChild(BlockJUnit4ClassRunner.java:70)
	at org.junit.runners.BlockJUnit4ClassRunner.runChild(BlockJUnit4ClassRunner.java:50)
	at org.junit.runners.ParentRunner$3.run(ParentRunner.java:238)
	at org.junit.runners.ParentRunner$1.schedule(ParentRunner.java:63)
	at org.junit.runners.ParentRunner.runChildren(ParentRunner.java:236)
	at org.junit.runners.ParentRunner.access$000(ParentRunner.java:53)
	at org.junit.runners.ParentRunner$2.evaluate(ParentRunner.java:229)
	at org.junit.runners.ParentRunner.run(ParentRunner.java:309)
	at org.junit.runners.Suite.runChild(Suite.java:127)
	at org.junit.runners.Suite.runChild(Suite.java:26)
	at org.junit.runners.ParentRunner$3.run(ParentRunner.java:238)
	at org.junit.runners.ParentRunner$1.schedule(ParentRunner.java:63)
	at org.junit.runners.ParentRunner.runChildren(ParentRunner.java:236)
	at org.junit.runners.ParentRunner.access$000(ParentRunner.java:53)
	at org.junit.runners.ParentRunner$2.evaluate(ParentRunner.java:229)
	at org.junit.runners.ParentRunner.run(ParentRunner.java:309)
	at org.junit.runner.JUnitCore.run(JUnitCore.java:160)
	at org.junit.runner.JUnitCore.run(JUnitCore.java:138)
	at com.novocode.junit.JUnitRunner$1.execute(JUnitRunner.java:132)
	at sbt.ForkMain$Run.lambda$runTest$1(ForkMain.java:304)
	at java.base/java.util.concurrent.FutureTask.run(FutureTask.java:264)
	at java.base/java.util.concurrent.ThreadPoolExecutor.runWorker(ThreadPoolExecutor.java:1135)
	at java.base/java.util.concurrent.ThreadPoolExecutor$Worker.run(ThreadPoolExecutor.java:635)
	at java.base/java.lang.Thread.run(Thread.java:844)
</failure>
                                               </testcase><testcase classname="miniscala.test.CPSOptimizer_Blackbox" name="testPrimitiveArithmetic8" time="0.001">
                                                 <failure message="java.lang.IndexOutOfBoundsException: 1" type="sbt.ForkMain$ForkError">sbt.ForkMain$ForkError: java.lang.IndexOutOfBoundsException: 1
	at scala.collection.LinearSeqOptimized$class.apply(LinearSeqOptimized.scala:65)
	at scala.collection.immutable.List.apply(List.scala:84)
	at miniscala.CPSOptimizer.shrinkT$1(CPSOptimizer.scala:118)
	at miniscala.CPSOptimizer.shrinkT$1(CPSOptimizer.scala:133)
	at miniscala.CPSOptimizer.shrinkT$1(CPSOptimizer.scala:101)
	at miniscala.CPSOptimizer.shrinkT$1(CPSOptimizer.scala:101)
	at miniscala.CPSOptimizer.miniscala$CPSOptimizer$$shrink(CPSOptimizer.scala:137)
	at miniscala.CPSOptimizer$$anonfun$9.apply(CPSOptimizer.scala:10)
	at miniscala.CPSOptimizer$$anonfun$9.apply(CPSOptimizer.scala:10)
	at scala.collection.immutable.Stream$$anonfun$iterate$1.apply(Stream.scala:1248)
	at scala.collection.immutable.Stream$$anonfun$iterate$1.apply(Stream.scala:1248)
	at scala.collection.immutable.Stream$Cons.tail(Stream.scala:1233)
	at scala.collection.immutable.Stream$Cons.tail(Stream.scala:1223)
	at scala.collection.immutable.Stream$$anonfun$take$2.apply(Stream.scala:853)
	at scala.collection.immutable.Stream$$anonfun$take$2.apply(Stream.scala:853)
	at scala.collection.immutable.Stream$Cons.tail(Stream.scala:1233)
	at scala.collection.immutable.Stream$Cons.tail(Stream.scala:1223)
	at miniscala.package$.fixedPoint(package.scala:4)
	at miniscala.package$.fixedPoint(package.scala:9)
	at miniscala.CPSOptimizer.apply(CPSOptimizer.scala:10)
	at miniscala.CPSOptimizerHigh$.apply(CPSOptimizer.scala:247)
	at scala.Function1$$anonfun$andThen$1.apply(Function1.scala:52)
	at scala.Function1$$anonfun$andThen$1.apply(Function1.scala:52)
	at scala.Function1$$anonfun$andThen$1.apply(Function1.scala:52)
	at scala.Function1$$anonfun$andThen$1.apply(Function1.scala:52)
	at scala.Function1$$anonfun$andThen$1.apply(Function1.scala:52)
	at scala.Function1$$anonfun$andThen$1.apply(Function1.scala:52)
	at miniscala.test.infrastructure.CompilerTest$class.miniscala$test$infrastructure$CompilerTest$$compileInner(CompilerTest.scala:37)
	at miniscala.test.infrastructure.CompilerTest$$anonfun$compileUsingPipelineAndRedirect$1.apply(CompilerTest.scala:44)
	at miniscala.test.infrastructure.SandboxedTest$$anon$1.run(SandboxedTest.scala:24)
	at java.base/java.security.AccessController.doPrivileged(Native Method)
	at miniscala.test.infrastructure.SandboxedTest.sandboxedTest(SandboxedTest.scala:34)
	at miniscala.test.infrastructure.SandboxedTest.sandboxedTestWithRedirectedIO(SandboxedTest.scala:45)
	at miniscala.test.infrastructure.CompilerTest$class.compileUsingPipelineAndRedirect(CompilerTest.scala:44)
	at miniscala.test.infrastructure.CPSTest.compileUsingPipelineAndRedirect(CPSTest.scala:11)
	at miniscala.test.infrastructure.CPSOptTest.testCPSLowProgramOutput(CPSOptTest.scala:91)
	at miniscala.test.CPSOptimizer_Blackbox$$anonfun$1.apply(CPSOptimizer_Blackbox.scala:9)
	at miniscala.test.CPSOptimizer_Blackbox$$anonfun$1.apply(CPSOptimizer_Blackbox.scala:9)
	at miniscala.test.ok.PrimitivesOKTests$class.testPrimitiveArithmetic8(PrimitivesOKTests.scala:57)
	at miniscala.test.CPSOptimizer_Blackbox.testPrimitiveArithmetic8(CPSOptimizer_Blackbox.scala:7)
	at java.base/jdk.internal.reflect.NativeMethodAccessorImpl.invoke0(Native Method)
	at java.base/jdk.internal.reflect.NativeMethodAccessorImpl.invoke(NativeMethodAccessorImpl.java:62)
	at java.base/jdk.internal.reflect.DelegatingMethodAccessorImpl.invoke(DelegatingMethodAccessorImpl.java:43)
	at java.base/java.lang.reflect.Method.invoke(Method.java:564)
	at org.junit.runners.model.FrameworkMethod$1.runReflectiveCall(FrameworkMethod.java:47)
	at org.junit.internal.runners.model.ReflectiveCallable.run(ReflectiveCallable.java:12)
	at org.junit.runners.model.FrameworkMethod.invokeExplosively(FrameworkMethod.java:44)
	at org.junit.internal.runners.statements.InvokeMethod.evaluate(InvokeMethod.java:17)
	at org.junit.runners.ParentRunner.runLeaf(ParentRunner.java:271)
	at org.junit.runners.BlockJUnit4ClassRunner.runChild(BlockJUnit4ClassRunner.java:70)
	at org.junit.runners.BlockJUnit4ClassRunner.runChild(BlockJUnit4ClassRunner.java:50)
	at org.junit.runners.ParentRunner$3.run(ParentRunner.java:238)
	at org.junit.runners.ParentRunner$1.schedule(ParentRunner.java:63)
	at org.junit.runners.ParentRunner.runChildren(ParentRunner.java:236)
	at org.junit.runners.ParentRunner.access$000(ParentRunner.java:53)
	at org.junit.runners.ParentRunner$2.evaluate(ParentRunner.java:229)
	at org.junit.runners.ParentRunner.run(ParentRunner.java:309)
	at org.junit.runners.Suite.runChild(Suite.java:127)
	at org.junit.runners.Suite.runChild(Suite.java:26)
	at org.junit.runners.ParentRunner$3.run(ParentRunner.java:238)
	at org.junit.runners.ParentRunner$1.schedule(ParentRunner.java:63)
	at org.junit.runners.ParentRunner.runChildren(ParentRunner.java:236)
	at org.junit.runners.ParentRunner.access$000(ParentRunner.java:53)
	at org.junit.runners.ParentRunner$2.evaluate(ParentRunner.java:229)
	at org.junit.runners.ParentRunner.run(ParentRunner.java:309)
	at org.junit.runner.JUnitCore.run(JUnitCore.java:160)
	at org.junit.runner.JUnitCore.run(JUnitCore.java:138)
	at com.novocode.junit.JUnitRunner$1.execute(JUnitRunner.java:132)
	at sbt.ForkMain$Run.lambda$runTest$1(ForkMain.java:304)
	at java.base/java.util.concurrent.FutureTask.run(FutureTask.java:264)
	at java.base/java.util.concurrent.ThreadPoolExecutor.runWorker(ThreadPoolExecutor.java:1135)
	at java.base/java.util.concurrent.ThreadPoolExecutor$Worker.run(ThreadPoolExecutor.java:635)
	at java.base/java.lang.Thread.run(Thread.java:844)
</failure>
                                               </testcase><testcase classname="miniscala.test.CPSOptimizer_Blackbox" name="testPrimitiveArithmetic9" time="0.001">
                                                 <failure message="java.lang.IndexOutOfBoundsException: 1" type="sbt.ForkMain$ForkError">sbt.ForkMain$ForkError: java.lang.IndexOutOfBoundsException: 1
	at scala.collection.LinearSeqOptimized$class.apply(LinearSeqOptimized.scala:65)
	at scala.collection.immutable.List.apply(List.scala:84)
	at miniscala.CPSOptimizer.shrinkT$1(CPSOptimizer.scala:118)
	at miniscala.CPSOptimizer.shrinkT$1(CPSOptimizer.scala:101)
	at miniscala.CPSOptimizer.shrinkT$1(CPSOptimizer.scala:101)
	at miniscala.CPSOptimizer.miniscala$CPSOptimizer$$shrink(CPSOptimizer.scala:137)
	at miniscala.CPSOptimizer$$anonfun$9.apply(CPSOptimizer.scala:10)
	at miniscala.CPSOptimizer$$anonfun$9.apply(CPSOptimizer.scala:10)
	at scala.collection.immutable.Stream$$anonfun$iterate$1.apply(Stream.scala:1248)
	at scala.collection.immutable.Stream$$anonfun$iterate$1.apply(Stream.scala:1248)
	at scala.collection.immutable.Stream$Cons.tail(Stream.scala:1233)
	at scala.collection.immutable.Stream$Cons.tail(Stream.scala:1223)
	at scala.collection.immutable.Stream$$anonfun$take$2.apply(Stream.scala:853)
	at scala.collection.immutable.Stream$$anonfun$take$2.apply(Stream.scala:853)
	at scala.collection.immutable.Stream$Cons.tail(Stream.scala:1233)
	at scala.collection.immutable.Stream$Cons.tail(Stream.scala:1223)
	at miniscala.package$.fixedPoint(package.scala:4)
	at miniscala.package$.fixedPoint(package.scala:9)
	at miniscala.CPSOptimizer.apply(CPSOptimizer.scala:10)
	at miniscala.CPSOptimizerHigh$.apply(CPSOptimizer.scala:247)
	at scala.Function1$$anonfun$andThen$1.apply(Function1.scala:52)
	at scala.Function1$$anonfun$andThen$1.apply(Function1.scala:52)
	at scala.Function1$$anonfun$andThen$1.apply(Function1.scala:52)
	at scala.Function1$$anonfun$andThen$1.apply(Function1.scala:52)
	at scala.Function1$$anonfun$andThen$1.apply(Function1.scala:52)
	at scala.Function1$$anonfun$andThen$1.apply(Function1.scala:52)
	at miniscala.test.infrastructure.CompilerTest$class.miniscala$test$infrastructure$CompilerTest$$compileInner(CompilerTest.scala:37)
	at miniscala.test.infrastructure.CompilerTest$$anonfun$compileUsingPipelineAndRedirect$1.apply(CompilerTest.scala:44)
	at miniscala.test.infrastructure.SandboxedTest$$anon$1.run(SandboxedTest.scala:24)
	at java.base/java.security.AccessController.doPrivileged(Native Method)
	at miniscala.test.infrastructure.SandboxedTest.sandboxedTest(SandboxedTest.scala:34)
	at miniscala.test.infrastructure.SandboxedTest.sandboxedTestWithRedirectedIO(SandboxedTest.scala:45)
	at miniscala.test.infrastructure.CompilerTest$class.compileUsingPipelineAndRedirect(CompilerTest.scala:44)
	at miniscala.test.infrastructure.CPSTest.compileUsingPipelineAndRedirect(CPSTest.scala:11)
	at miniscala.test.infrastructure.CPSOptTest.testCPSLowProgramOutput(CPSOptTest.scala:91)
	at miniscala.test.CPSOptimizer_Blackbox$$anonfun$1.apply(CPSOptimizer_Blackbox.scala:9)
	at miniscala.test.CPSOptimizer_Blackbox$$anonfun$1.apply(CPSOptimizer_Blackbox.scala:9)
	at miniscala.test.ok.PrimitivesOKTests$class.testPrimitiveArithmetic9(PrimitivesOKTests.scala:64)
	at miniscala.test.CPSOptimizer_Blackbox.testPrimitiveArithmetic9(CPSOptimizer_Blackbox.scala:7)
	at java.base/jdk.internal.reflect.NativeMethodAccessorImpl.invoke0(Native Method)
	at java.base/jdk.internal.reflect.NativeMethodAccessorImpl.invoke(NativeMethodAccessorImpl.java:62)
	at java.base/jdk.internal.reflect.DelegatingMethodAccessorImpl.invoke(DelegatingMethodAccessorImpl.java:43)
	at java.base/java.lang.reflect.Method.invoke(Method.java:564)
	at org.junit.runners.model.FrameworkMethod$1.runReflectiveCall(FrameworkMethod.java:47)
	at org.junit.internal.runners.model.ReflectiveCallable.run(ReflectiveCallable.java:12)
	at org.junit.runners.model.FrameworkMethod.invokeExplosively(FrameworkMethod.java:44)
	at org.junit.internal.runners.statements.InvokeMethod.evaluate(InvokeMethod.java:17)
	at org.junit.runners.ParentRunner.runLeaf(ParentRunner.java:271)
	at org.junit.runners.BlockJUnit4ClassRunner.runChild(BlockJUnit4ClassRunner.java:70)
	at org.junit.runners.BlockJUnit4ClassRunner.runChild(BlockJUnit4ClassRunner.java:50)
	at org.junit.runners.ParentRunner$3.run(ParentRunner.java:238)
	at org.junit.runners.ParentRunner$1.schedule(ParentRunner.java:63)
	at org.junit.runners.ParentRunner.runChildren(ParentRunner.java:236)
	at org.junit.runners.ParentRunner.access$000(ParentRunner.java:53)
	at org.junit.runners.ParentRunner$2.evaluate(ParentRunner.java:229)
	at org.junit.runners.ParentRunner.run(ParentRunner.java:309)
	at org.junit.runners.Suite.runChild(Suite.java:127)
	at org.junit.runners.Suite.runChild(Suite.java:26)
	at org.junit.runners.ParentRunner$3.run(ParentRunner.java:238)
	at org.junit.runners.ParentRunner$1.schedule(ParentRunner.java:63)
	at org.junit.runners.ParentRunner.runChildren(ParentRunner.java:236)
	at org.junit.runners.ParentRunner.access$000(ParentRunner.java:53)
	at org.junit.runners.ParentRunner$2.evaluate(ParentRunner.java:229)
	at org.junit.runners.ParentRunner.run(ParentRunner.java:309)
	at org.junit.runner.JUnitCore.run(JUnitCore.java:160)
	at org.junit.runner.JUnitCore.run(JUnitCore.java:138)
	at com.novocode.junit.JUnitRunner$1.execute(JUnitRunner.java:132)
	at sbt.ForkMain$Run.lambda$runTest$1(ForkMain.java:304)
	at java.base/java.util.concurrent.FutureTask.run(FutureTask.java:264)
	at java.base/java.util.concurrent.ThreadPoolExecutor.runWorker(ThreadPoolExecutor.java:1135)
	at java.base/java.util.concurrent.ThreadPoolExecutor$Worker.run(ThreadPoolExecutor.java:635)
	at java.base/java.lang.Thread.run(Thread.java:844)
</failure>
                                               </testcase><testcase classname="miniscala.test.CPSOptimizer_Blackbox" name="testPrimitiveArithmetic10" time="0.0">
                                                 <failure message="java.lang.IndexOutOfBoundsException: 1" type="sbt.ForkMain$ForkError">sbt.ForkMain$ForkError: java.lang.IndexOutOfBoundsException: 1
	at scala.collection.LinearSeqOptimized$class.apply(LinearSeqOptimized.scala:65)
	at scala.collection.immutable.List.apply(List.scala:84)
	at miniscala.CPSOptimizer.shrinkT$1(CPSOptimizer.scala:118)
	at miniscala.CPSOptimizer.shrinkT$1(CPSOptimizer.scala:133)
	at miniscala.CPSOptimizer.shrinkT$1(CPSOptimizer.scala:101)
	at miniscala.CPSOptimizer.shrinkT$1(CPSOptimizer.scala:101)
	at miniscala.CPSOptimizer.miniscala$CPSOptimizer$$shrink(CPSOptimizer.scala:137)
	at miniscala.CPSOptimizer$$anonfun$9.apply(CPSOptimizer.scala:10)
	at miniscala.CPSOptimizer$$anonfun$9.apply(CPSOptimizer.scala:10)
	at scala.collection.immutable.Stream$$anonfun$iterate$1.apply(Stream.scala:1248)
	at scala.collection.immutable.Stream$$anonfun$iterate$1.apply(Stream.scala:1248)
	at scala.collection.immutable.Stream$Cons.tail(Stream.scala:1233)
	at scala.collection.immutable.Stream$Cons.tail(Stream.scala:1223)
	at scala.collection.immutable.Stream$$anonfun$take$2.apply(Stream.scala:853)
	at scala.collection.immutable.Stream$$anonfun$take$2.apply(Stream.scala:853)
	at scala.collection.immutable.Stream$Cons.tail(Stream.scala:1233)
	at scala.collection.immutable.Stream$Cons.tail(Stream.scala:1223)
	at miniscala.package$.fixedPoint(package.scala:4)
	at miniscala.package$.fixedPoint(package.scala:9)
	at miniscala.CPSOptimizer.apply(CPSOptimizer.scala:10)
	at miniscala.CPSOptimizerHigh$.apply(CPSOptimizer.scala:247)
	at scala.Function1$$anonfun$andThen$1.apply(Function1.scala:52)
	at scala.Function1$$anonfun$andThen$1.apply(Function1.scala:52)
	at scala.Function1$$anonfun$andThen$1.apply(Function1.scala:52)
	at scala.Function1$$anonfun$andThen$1.apply(Function1.scala:52)
	at scala.Function1$$anonfun$andThen$1.apply(Function1.scala:52)
	at scala.Function1$$anonfun$andThen$1.apply(Function1.scala:52)
	at miniscala.test.infrastructure.CompilerTest$class.miniscala$test$infrastructure$CompilerTest$$compileInner(CompilerTest.scala:37)
	at miniscala.test.infrastructure.CompilerTest$$anonfun$compileUsingPipelineAndRedirect$1.apply(CompilerTest.scala:44)
	at miniscala.test.infrastructure.SandboxedTest$$anon$1.run(SandboxedTest.scala:24)
	at java.base/java.security.AccessController.doPrivileged(Native Method)
	at miniscala.test.infrastructure.SandboxedTest.sandboxedTest(SandboxedTest.scala:34)
	at miniscala.test.infrastructure.SandboxedTest.sandboxedTestWithRedirectedIO(SandboxedTest.scala:45)
	at miniscala.test.infrastructure.CompilerTest$class.compileUsingPipelineAndRedirect(CompilerTest.scala:44)
	at miniscala.test.infrastructure.CPSTest.compileUsingPipelineAndRedirect(CPSTest.scala:11)
	at miniscala.test.infrastructure.CPSOptTest.testCPSLowProgramOutput(CPSOptTest.scala:91)
	at miniscala.test.CPSOptimizer_Blackbox$$anonfun$1.apply(CPSOptimizer_Blackbox.scala:9)
	at miniscala.test.CPSOptimizer_Blackbox$$anonfun$1.apply(CPSOptimizer_Blackbox.scala:9)
	at miniscala.test.ok.PrimitivesOKTests$class.testPrimitiveArithmetic10(PrimitivesOKTests.scala:71)
	at miniscala.test.CPSOptimizer_Blackbox.testPrimitiveArithmetic10(CPSOptimizer_Blackbox.scala:7)
	at java.base/jdk.internal.reflect.NativeMethodAccessorImpl.invoke0(Native Method)
	at java.base/jdk.internal.reflect.NativeMethodAccessorImpl.invoke(NativeMethodAccessorImpl.java:62)
	at java.base/jdk.internal.reflect.DelegatingMethodAccessorImpl.invoke(DelegatingMethodAccessorImpl.java:43)
	at java.base/java.lang.reflect.Method.invoke(Method.java:564)
	at org.junit.runners.model.FrameworkMethod$1.runReflectiveCall(FrameworkMethod.java:47)
	at org.junit.internal.runners.model.ReflectiveCallable.run(ReflectiveCallable.java:12)
	at org.junit.runners.model.FrameworkMethod.invokeExplosively(FrameworkMethod.java:44)
	at org.junit.internal.runners.statements.InvokeMethod.evaluate(InvokeMethod.java:17)
	at org.junit.runners.ParentRunner.runLeaf(ParentRunner.java:271)
	at org.junit.runners.BlockJUnit4ClassRunner.runChild(BlockJUnit4ClassRunner.java:70)
	at org.junit.runners.BlockJUnit4ClassRunner.runChild(BlockJUnit4ClassRunner.java:50)
	at org.junit.runners.ParentRunner$3.run(ParentRunner.java:238)
	at org.junit.runners.ParentRunner$1.schedule(ParentRunner.java:63)
	at org.junit.runners.ParentRunner.runChildren(ParentRunner.java:236)
	at org.junit.runners.ParentRunner.access$000(ParentRunner.java:53)
	at org.junit.runners.ParentRunner$2.evaluate(ParentRunner.java:229)
	at org.junit.runners.ParentRunner.run(ParentRunner.java:309)
	at org.junit.runners.Suite.runChild(Suite.java:127)
	at org.junit.runners.Suite.runChild(Suite.java:26)
	at org.junit.runners.ParentRunner$3.run(ParentRunner.java:238)
	at org.junit.runners.ParentRunner$1.schedule(ParentRunner.java:63)
	at org.junit.runners.ParentRunner.runChildren(ParentRunner.java:236)
	at org.junit.runners.ParentRunner.access$000(ParentRunner.java:53)
	at org.junit.runners.ParentRunner$2.evaluate(ParentRunner.java:229)
	at org.junit.runners.ParentRunner.run(ParentRunner.java:309)
	at org.junit.runner.JUnitCore.run(JUnitCore.java:160)
	at org.junit.runner.JUnitCore.run(JUnitCore.java:138)
	at com.novocode.junit.JUnitRunner$1.execute(JUnitRunner.java:132)
	at sbt.ForkMain$Run.lambda$runTest$1(ForkMain.java:304)
	at java.base/java.util.concurrent.FutureTask.run(FutureTask.java:264)
	at java.base/java.util.concurrent.ThreadPoolExecutor.runWorker(ThreadPoolExecutor.java:1135)
	at java.base/java.util.concurrent.ThreadPoolExecutor$Worker.run(ThreadPoolExecutor.java:635)
	at java.base/java.lang.Thread.run(Thread.java:844)
</failure>
                                               </testcase><testcase classname="miniscala.test.CPSOptimizer_Blackbox" name="testPrimitiveBlocks1" time="0.001">
                                                 <failure message="java.lang.IndexOutOfBoundsException: 1" type="sbt.ForkMain$ForkError">sbt.ForkMain$ForkError: java.lang.IndexOutOfBoundsException: 1
	at scala.collection.LinearSeqOptimized$class.apply(LinearSeqOptimized.scala:65)
	at scala.collection.immutable.List.apply(List.scala:84)
	at miniscala.CPSOptimizer.shrinkT$1(CPSOptimizer.scala:118)
	at miniscala.CPSOptimizer.shrinkT$1(CPSOptimizer.scala:101)
	at miniscala.CPSOptimizer.miniscala$CPSOptimizer$$shrink(CPSOptimizer.scala:137)
	at miniscala.CPSOptimizer$$anonfun$9.apply(CPSOptimizer.scala:10)
	at miniscala.CPSOptimizer$$anonfun$9.apply(CPSOptimizer.scala:10)
	at scala.collection.immutable.Stream$$anonfun$iterate$1.apply(Stream.scala:1248)
	at scala.collection.immutable.Stream$$anonfun$iterate$1.apply(Stream.scala:1248)
	at scala.collection.immutable.Stream$Cons.tail(Stream.scala:1233)
	at scala.collection.immutable.Stream$Cons.tail(Stream.scala:1223)
	at scala.collection.immutable.Stream$$anonfun$take$2.apply(Stream.scala:853)
	at scala.collection.immutable.Stream$$anonfun$take$2.apply(Stream.scala:853)
	at scala.collection.immutable.Stream$Cons.tail(Stream.scala:1233)
	at scala.collection.immutable.Stream$Cons.tail(Stream.scala:1223)
	at miniscala.package$.fixedPoint(package.scala:4)
	at miniscala.package$.fixedPoint(package.scala:9)
	at miniscala.CPSOptimizer.apply(CPSOptimizer.scala:10)
	at miniscala.CPSOptimizerHigh$.apply(CPSOptimizer.scala:247)
	at scala.Function1$$anonfun$andThen$1.apply(Function1.scala:52)
	at scala.Function1$$anonfun$andThen$1.apply(Function1.scala:52)
	at scala.Function1$$anonfun$andThen$1.apply(Function1.scala:52)
	at scala.Function1$$anonfun$andThen$1.apply(Function1.scala:52)
	at scala.Function1$$anonfun$andThen$1.apply(Function1.scala:52)
	at scala.Function1$$anonfun$andThen$1.apply(Function1.scala:52)
	at miniscala.test.infrastructure.CompilerTest$class.miniscala$test$infrastructure$CompilerTest$$compileInner(CompilerTest.scala:37)
	at miniscala.test.infrastructure.CompilerTest$$anonfun$compileUsingPipelineAndRedirect$1.apply(CompilerTest.scala:44)
	at miniscala.test.infrastructure.SandboxedTest$$anon$1.run(SandboxedTest.scala:24)
	at java.base/java.security.AccessController.doPrivileged(Native Method)
	at miniscala.test.infrastructure.SandboxedTest.sandboxedTest(SandboxedTest.scala:34)
	at miniscala.test.infrastructure.SandboxedTest.sandboxedTestWithRedirectedIO(SandboxedTest.scala:45)
	at miniscala.test.infrastructure.CompilerTest$class.compileUsingPipelineAndRedirect(CompilerTest.scala:44)
	at miniscala.test.infrastructure.CPSTest.compileUsingPipelineAndRedirect(CPSTest.scala:11)
	at miniscala.test.infrastructure.CPSOptTest.testCPSLowProgramOutput(CPSOptTest.scala:91)
	at miniscala.test.CPSOptimizer_Blackbox$$anonfun$1.apply(CPSOptimizer_Blackbox.scala:9)
	at miniscala.test.CPSOptimizer_Blackbox$$anonfun$1.apply(CPSOptimizer_Blackbox.scala:9)
	at miniscala.test.ok.PrimitivesOKTests$class.testPrimitiveBlocks1(PrimitivesOKTests.scala:78)
	at miniscala.test.CPSOptimizer_Blackbox.testPrimitiveBlocks1(CPSOptimizer_Blackbox.scala:7)
	at java.base/jdk.internal.reflect.NativeMethodAccessorImpl.invoke0(Native Method)
	at java.base/jdk.internal.reflect.NativeMethodAccessorImpl.invoke(NativeMethodAccessorImpl.java:62)
	at java.base/jdk.internal.reflect.DelegatingMethodAccessorImpl.invoke(DelegatingMethodAccessorImpl.java:43)
	at java.base/java.lang.reflect.Method.invoke(Method.java:564)
	at org.junit.runners.model.FrameworkMethod$1.runReflectiveCall(FrameworkMethod.java:47)
	at org.junit.internal.runners.model.ReflectiveCallable.run(ReflectiveCallable.java:12)
	at org.junit.runners.model.FrameworkMethod.invokeExplosively(FrameworkMethod.java:44)
	at org.junit.internal.runners.statements.InvokeMethod.evaluate(InvokeMethod.java:17)
	at org.junit.runners.ParentRunner.runLeaf(ParentRunner.java:271)
	at org.junit.runners.BlockJUnit4ClassRunner.runChild(BlockJUnit4ClassRunner.java:70)
	at org.junit.runners.BlockJUnit4ClassRunner.runChild(BlockJUnit4ClassRunner.java:50)
	at org.junit.runners.ParentRunner$3.run(ParentRunner.java:238)
	at org.junit.runners.ParentRunner$1.schedule(ParentRunner.java:63)
	at org.junit.runners.ParentRunner.runChildren(ParentRunner.java:236)
	at org.junit.runners.ParentRunner.access$000(ParentRunner.java:53)
	at org.junit.runners.ParentRunner$2.evaluate(ParentRunner.java:229)
	at org.junit.runners.ParentRunner.run(ParentRunner.java:309)
	at org.junit.runners.Suite.runChild(Suite.java:127)
	at org.junit.runners.Suite.runChild(Suite.java:26)
	at org.junit.runners.ParentRunner$3.run(ParentRunner.java:238)
	at org.junit.runners.ParentRunner$1.schedule(ParentRunner.java:63)
	at org.junit.runners.ParentRunner.runChildren(ParentRunner.java:236)
	at org.junit.runners.ParentRunner.access$000(ParentRunner.java:53)
	at org.junit.runners.ParentRunner$2.evaluate(ParentRunner.java:229)
	at org.junit.runners.ParentRunner.run(ParentRunner.java:309)
	at org.junit.runner.JUnitCore.run(JUnitCore.java:160)
	at org.junit.runner.JUnitCore.run(JUnitCore.java:138)
	at com.novocode.junit.JUnitRunner$1.execute(JUnitRunner.java:132)
	at sbt.ForkMain$Run.lambda$runTest$1(ForkMain.java:304)
	at java.base/java.util.concurrent.FutureTask.run(FutureTask.java:264)
	at java.base/java.util.concurrent.ThreadPoolExecutor.runWorker(ThreadPoolExecutor.java:1135)
	at java.base/java.util.concurrent.ThreadPoolExecutor$Worker.run(ThreadPoolExecutor.java:635)
	at java.base/java.lang.Thread.run(Thread.java:844)
</failure>
                                               </testcase><testcase classname="miniscala.test.CPSOptimizer_Blackbox" name="testPrimitiveBlocks2" time="0.002">
                                                 
                                               </testcase><testcase classname="miniscala.test.CPSOptimizer_Blackbox" name="testPrimitiveBlocks3" time="0.002">
                                                 
                                               </testcase><testcase classname="miniscala.test.CPSOptimizer_Blackbox" name="testPrimitiveBlocks4" time="0.002">
                                                 
                                               </testcase><testcase classname="miniscala.test.CPSOptimizer_Blackbox" name="testPrimitiveBlocks5" time="0.002">
                                                 
                                               </testcase><testcase classname="miniscala.test.CPSOptimizer_Blackbox" name="testPrimitiveBlocks7" time="0.002">
                                                 
                                               </testcase><testcase classname="miniscala.test.CPSOptimizer_Blackbox" name="testPrimitiveLogic10" time="0.001">
                                                 
                                               </testcase><testcase classname="miniscala.test.CPSOptimizer_Blackbox" name="testPrimitiveLogic11" time="0.002">
                                                 
                                               </testcase><testcase classname="miniscala.test.CPSOptimizer_Blackbox" name="testPrimitiveLogic12" time="0.001">
                                                 
                                               </testcase><testcase classname="miniscala.test.CPSOptimizer_Blackbox" name="testPrimitiveLogic13" time="0.002">
                                                 
                                               </testcase><testcase classname="miniscala.test.CPSOptimizer_Blackbox" name="testPrimitiveLogic14" time="0.001">
                                                 
                                               </testcase><testcase classname="miniscala.test.CPSOptimizer_Blackbox" name="testPrimitiveLogic15" time="0.002">
                                                 
                                               </testcase><testcase classname="miniscala.test.CPSOptimizer_Blackbox" name="testPrimitiveLogic16" time="0.001">
                                                 
                                               </testcase><testcase classname="miniscala.test.CPSOptimizer_Blackbox" name="testPrimitiveLogic17" time="0.001">
                                                 
                                               </testcase><testcase classname="miniscala.test.CPSOptimizer_Blackbox" name="testPrimitiveLogic18" time="0.001">
                                                 
                                               </testcase><testcase classname="miniscala.test.CPSOptimizer_Blackbox" name="testPrimitiveLogic19" time="0.002">
                                                 
                                               </testcase><testcase classname="miniscala.test.CPSOptimizer_Blackbox" name="testPrimitiveLogic22" time="0.001">
                                                 
                                               </testcase><testcase classname="miniscala.test.CPSOptimizer_Blackbox" name="testPrimitiveLogic23" time="0.003">
                                                 
                                               </testcase><testcase classname="miniscala.test.CPSOptimizer_Blackbox" name="testPrimitiveLogic24" time="0.001">
                                                 
                                               </testcase><testcase classname="miniscala.test.CPSOptimizer_Blackbox" name="testPrimitiveLogic25" time="0.018">
                                                 
                                               </testcase><testcase classname="miniscala.test.CPSOptimizer_Blackbox" name="testPrimitiveLog20" time="0.002">
                                                 
                                               </testcase><testcase classname="miniscala.test.CPSOptimizer_Blackbox" name="testPrimitiveLog21" time="0.001">
                                                 
                                               </testcase><testcase classname="miniscala.test.CPSOptimizer_Blackbox" name="testLetrec" time="0.03">
                                                 
                                               </testcase><testcase classname="miniscala.test.CPSOptimizer_Blackbox" name="testAppOrder" time="0.028">
                                                 
                                               </testcase>
                     <system-out><![CDATA[]]></system-out>
                     <system-err><![CDATA[]]></system-err>
                   </testsuite>